[    0.000000] Initializing cgroup subsys cpuset
[    0.000000] Initializing cgroup subsys cpu
[    0.000000] Initializing cgroup subsys cpuacct
[    0.000000] Linux version 4.4.0-66-generic (buildd@lgw01-28) (gcc version 5.4.0 20160609 (Ubuntu 5.4.0-6ubuntu1~16.04.4) ) #87-Ubuntu SMP Fri Mar 3 15:29:05 UTC 2017 (Ubuntu 4.4.0-66.87-generic 4.4.44)
[    0.000000] Command line: BOOT_IMAGE=/boot/vmlinuz-4.4.0-66-generic root=LABEL=cloudimg-rootfs ro console=tty1 console=ttyS0
[    0.000000] KERNEL supported cpus:
[    0.000000]   Intel GenuineIntel
[    0.000000]   AMD AuthenticAMD
[    0.000000]   Centaur CentaurHauls
[    0.000000] ------------[ cut here ]------------
[    0.000000] WARNING: CPU: 0 PID: 0 at /build/linux-9yOF0g/linux-4.4.0/arch/x86/kernel/fpu/xstate.c:517 fpu__init_system_xstate+0x38b/0x75a()
[    0.000000] XSAVE consistency problem, dumping leaves
[    0.000000] Modules linked in:
[    0.000000] CPU: 0 PID: 0 Comm: swapper Not tainted 4.4.0-66-generic #87-Ubuntu
[    0.000000]  0000000000000086 88141518991b6397 ffffffff81e03d80 ffffffff813f8083
[    0.000000]  ffffffff81e03dc8 ffffffff81ca9510 ffffffff81e03db8 ffffffff810812d2
[    0.000000]  ffffffff81e03e48 ffffffff81e03e4c 0000000000000008 0000000000000100
[    0.000000] Call Trace:
[    0.000000]  [<ffffffff813f8083>] dump_stack+0x63/0x90
[    0.000000]  [<ffffffff810812d2>] warn_slowpath_common+0x82/0xc0
[    0.000000]  [<ffffffff8108136c>] warn_slowpath_fmt+0x5c/0x80
[    0.000000]  [<ffffffff8107cfa0>] ? xfeature_size+0x59/0x77
[    0.000000]  [<ffffffff81f6dee4>] fpu__init_system_xstate+0x38b/0x75a
[    0.000000]  [<ffffffff81f5d120>] ? early_idt_handler_array+0x120/0x120
[    0.000000]  [<ffffffff81f6d84f>] fpu__init_system+0x10d/0x245
[    0.000000]  [<ffffffff81f6e958>] early_cpu_init+0x139/0x13e
[    0.000000]  [<ffffffff81f6e958>] ? early_cpu_init+0x139/0x13e
[    0.000000]  [<ffffffff81f69e32>] setup_arch+0xb4/0xd1e
[    0.000000]  [<ffffffff81f5d120>] ? early_idt_handler_array+0x120/0x120
[    0.000000]  [<ffffffff81f5dc74>] start_kernel+0xe4/0x4a2
[    0.000000]  [<ffffffff81f5d120>] ? early_idt_handler_array+0x120/0x120
[    0.000000]  [<ffffffff81f5d339>] x86_64_start_reservations+0x2a/0x2c
[    0.000000]  [<ffffffff81f5d485>] x86_64_start_kernel+0x14a/0x16d
[    0.000000] ---[ end trace 4d5ff9f2f68c4233 ]---
[    0.000000] CPUID[0d, 00]: eax=00000007 ebx=00000440 ecx=00000440 edx=00000000
[    0.000000] CPUID[0d, 01]: eax=00000000 ebx=000003c0 ecx=00000000 edx=00000000
[    0.000000] CPUID[0d, 02]: eax=00000100 ebx=00000240 ecx=00000000 edx=00000000
[    0.000000] CPUID[0d, 03]: eax=00000000 ebx=00000000 ecx=00000000 edx=00000000
[    0.000000] CPUID[0d, 04]: eax=00000000 ebx=00000000 ecx=00000000 edx=00000000
[    0.000000] CPUID[0d, 05]: eax=00000000 ebx=00000000 ecx=00000000 edx=00000000
[    0.000000] CPUID[0d, 06]: eax=00000000 ebx=00000000 ecx=00000000 edx=00000000
[    0.000000] CPUID[0d, 07]: eax=00000000 ebx=00000000 ecx=00000000 edx=00000000
[    0.000000] CPUID[0d, 08]: eax=00000000 ebx=00000000 ecx=00000000 edx=00000000
[    0.000000] CPUID[0d, 09]: eax=00000000 ebx=00000000 ecx=00000000 edx=00000000
[    0.000000] CPUID[0d, 0a]: eax=00000000 ebx=00000000 ecx=00000000 edx=00000000
[    0.000000] CPUID[0d, 0b]: eax=00000000 ebx=00000000 ecx=00000000 edx=00000000
[    0.000000] CPUID[0d, 0c]: eax=00000000 ebx=00000000 ecx=00000000 edx=00000000
[    0.000000] CPUID[0d, 0d]: eax=00000000 ebx=00000000 ecx=00000000 edx=00000000
[    0.000000] CPUID[0d, 0e]: eax=00000000 ebx=00000000 ecx=00000000 edx=00000000
[    0.000000] CPUID[0d, 0f]: eax=00000000 ebx=00000000 ecx=00000000 edx=00000000
[    0.000000] CPUID[0d, 10]: eax=00000000 ebx=00000000 ecx=00000000 edx=00000000
[    0.000000] CPUID[0d, 11]: eax=00000000 ebx=00000000 ecx=00000000 edx=00000000
[    0.000000] x86/fpu: xstate_offset[2]:  576, xstate_sizes[2]:  256
[    0.000000] x86/fpu: Supporting XSAVE feature 0x01: 'x87 floating point registers'
[    0.000000] x86/fpu: Supporting XSAVE feature 0x02: 'SSE registers'
[    0.000000] x86/fpu: Supporting XSAVE feature 0x04: 'AVX registers'
[    0.000000] x86/fpu: Enabled xstate features 0x7, context size is 1088 bytes, using 'standard' format.
[    0.000000] x86/fpu: Using 'lazy' FPU context switches.
[    0.000000] e820: BIOS-provided physical RAM map:
[    0.000000] BIOS-e820: [mem 0x0000000000000000-0x000000000009fbff] usable
[    0.000000] BIOS-e820: [mem 0x000000000009fc00-0x000000000009ffff] reserved
[    0.000000] BIOS-e820: [mem 0x00000000000f0000-0x00000000000fffff] reserved
[    0.000000] BIOS-e820: [mem 0x0000000000100000-0x00000000dffeffff] usable
[    0.000000] BIOS-e820: [mem 0x00000000dfff0000-0x00000000dfffffff] ACPI data
[    0.000000] BIOS-e820: [mem 0x00000000fec00000-0x00000000fec00fff] reserved
[    0.000000] BIOS-e820: [mem 0x00000000fee00000-0x00000000fee00fff] reserved
[    0.000000] BIOS-e820: [mem 0x00000000fffc0000-0x00000000ffffffff] reserved
[    0.000000] BIOS-e820: [mem 0x0000000100000000-0x000000011fffffff] usable
[    0.000000] NX (Execute Disable) protection: active
[    0.000000] SMBIOS 2.5 present.
[    0.000000] Hypervisor detected: KVM
[    0.000000] e820: last_pfn = 0x120000 max_arch_pfn = 0x400000000
[    0.000000] MTRR: Disabled
[    0.000000] x86/PAT: MTRRs disabled, skipping PAT initialization too.
[    0.000000] x86/PAT: Configuration [0-7]: WB  WT  UC- UC  WB  WT  UC- UC  
[    0.000000] CPU MTRRs all blank - virtualized system.
[    0.000000] e820: last_pfn = 0xdfff0 max_arch_pfn = 0x400000000
[    0.000000] found SMP MP-table at [mem 0x0009fff0-0x0009ffff] mapped at [ffff88000009fff0]
[    0.000000] Scanning 1 areas for low memory corruption
[    0.000000] RAMDISK: [mem 0x36ad8000-0x37563fff]
[    0.000000] ACPI: Early table checksum verification disabled
[    0.000000] ACPI: RSDP 0x00000000000E0000 000024 (v02 VBOX  )
[    0.000000] ACPI: XSDT 0x00000000DFFF0030 00003C (v01 VBOX   VBOXXSDT 00000001 ASL  00000061)
[    0.000000] ACPI: FACP 0x00000000DFFF00F0 0000F4 (v04 VBOX   VBOXFACP 00000001 ASL  00000061)
[    0.000000] ACPI: DSDT 0x00000000DFFF0470 0021C8 (v02 VBOX   VBOXBIOS 00000002 INTL 20100528)
[    0.000000] ACPI: FACS 0x00000000DFFF0200 000040
[    0.000000] ACPI: FACS 0x00000000DFFF0200 000040
[    0.000000] ACPI: APIC 0x00000000DFFF0240 00005C (v02 VBOX   VBOXAPIC 00000001 ASL  00000061)
[    0.000000] ACPI: SSDT 0x00000000DFFF02A0 0001CC (v01 VBOX   VBOXCPUT 00000002 INTL 20100528)
[    0.000000] No NUMA configuration found
[    0.000000] Faking a node at [mem 0x0000000000000000-0x000000011fffffff]
[    0.000000] NODE_DATA(0) allocated [mem 0x11fff7000-0x11fffbfff]
[    0.000000] kvm-clock: Using msrs 4b564d01 and 4b564d00
[    0.000000] kvm-clock: cpu 0, msr 1:1ffef001, primary cpu clock
[    0.000000] kvm-clock: using sched offset of 3110605251 cycles
[    0.000000] clocksource: kvm-clock: mask: 0xffffffffffffffff max_cycles: 0x1cd42e4dffb, max_idle_ns: 881590591483 ns
[    0.000000] Zone ranges:
[    0.000000]   DMA      [mem 0x0000000000001000-0x0000000000ffffff]
[    0.000000]   DMA32    [mem 0x0000000001000000-0x00000000ffffffff]
[    0.000000]   Normal   [mem 0x0000000100000000-0x000000011fffffff]
[    0.000000]   Device   empty
[    0.000000] Movable zone start for each node
[    0.000000] Early memory node ranges
[    0.000000]   node   0: [mem 0x0000000000001000-0x000000000009efff]
[    0.000000]   node   0: [mem 0x0000000000100000-0x00000000dffeffff]
[    0.000000]   node   0: [mem 0x0000000100000000-0x000000011fffffff]
[    0.000000] Initmem setup node 0 [mem 0x0000000000001000-0x000000011fffffff]
[    0.000000] ACPI: PM-Timer IO Port: 0x4008
[    0.000000] IOAPIC[0]: apic_id 2, version 32, address 0xfec00000, GSI 0-23
[    0.000000] ACPI: INT_SRC_OVR (bus 0 bus_irq 0 global_irq 2 dfl dfl)
[    0.000000] ACPI: INT_SRC_OVR (bus 0 bus_irq 9 global_irq 9 high level)
[    0.000000] Using ACPI (MADT) for SMP configuration information
[    0.000000] smpboot: Allowing 2 CPUs, 0 hotplug CPUs
[    0.000000] PM: Registered nosave memory: [mem 0x00000000-0x00000fff]
[    0.000000] PM: Registered nosave memory: [mem 0x0009f000-0x0009ffff]
[    0.000000] PM: Registered nosave memory: [mem 0x000a0000-0x000effff]
[    0.000000] PM: Registered nosave memory: [mem 0x000f0000-0x000fffff]
[    0.000000] PM: Registered nosave memory: [mem 0xdfff0000-0xdfffffff]
[    0.000000] PM: Registered nosave memory: [mem 0xe0000000-0xfebfffff]
[    0.000000] PM: Registered nosave memory: [mem 0xfec00000-0xfec00fff]
[    0.000000] PM: Registered nosave memory: [mem 0xfec01000-0xfedfffff]
[    0.000000] PM: Registered nosave memory: [mem 0xfee00000-0xfee00fff]
[    0.000000] PM: Registered nosave memory: [mem 0xfee01000-0xfffbffff]
[    0.000000] PM: Registered nosave memory: [mem 0xfffc0000-0xffffffff]
[    0.000000] e820: [mem 0xe0000000-0xfebfffff] available for PCI devices
[    0.000000] Booting paravirtualized kernel on KVM
[    0.000000] clocksource: refined-jiffies: mask: 0xffffffff max_cycles: 0xffffffff, max_idle_ns: 7645519600211568 ns
[    0.000000] setup_percpu: NR_CPUS:512 nr_cpumask_bits:512 nr_cpu_ids:2 nr_node_ids:1
[    0.000000] PERCPU: Embedded 33 pages/cpu @ffff88011fc00000 s98264 r8192 d28712 u1048576
[    0.000000] PV qspinlock hash table entries: 256 (order: 0, 4096 bytes)
[    0.000000] Built 1 zonelists in Node order, mobility grouping on.  Total pages: 1032057
[    0.000000] Policy zone: Normal
[    0.000000] Kernel command line: BOOT_IMAGE=/boot/vmlinuz-4.4.0-66-generic root=LABEL=cloudimg-rootfs ro console=tty1 console=ttyS0
[    0.000000] PID hash table entries: 4096 (order: 3, 32768 bytes)
[    0.000000] Memory: 4032288K/4193848K available (8452K kernel code, 1293K rwdata, 3980K rodata, 1488K init, 1316K bss, 161560K reserved, 0K cma-reserved)
[    0.000000] SLUB: HWalign=64, Order=0-3, MinObjects=0, CPUs=2, Nodes=1
[    0.000000] Hierarchical RCU implementation.
[    0.000000] 	Build-time adjustment of leaf fanout to 64.
[    0.000000] 	RCU restricting CPUs from NR_CPUS=512 to nr_cpu_ids=2.
[    0.000000] RCU: Adjusting geometry for rcu_fanout_leaf=64, nr_cpu_ids=2
[    0.000000] NR_IRQS:33024 nr_irqs:440 16
[    0.000000] Console: colour VGA+ 80x25
[    0.000000] console [tty1] enabled
[    0.000000] console [ttyS0] enabled
[    0.000000] tsc: Detected 2399.998 MHz processor
[    4.083718] Calibrating delay loop (skipped) preset value.. 4799.99 BogoMIPS (lpj=9599992)
[    4.091054] pid_max: default: 32768 minimum: 301
[    4.099438] ACPI: Core revision 20150930
[    4.105186] ACPI: 2 ACPI AML tables successfully acquired and loaded
[    4.109437] Security Framework initialized
[    4.116044] Yama: becoming mindful.
[    4.117346] AppArmor: AppArmor initialized
[    4.121718] Dentry cache hash table entries: 524288 (order: 10, 4194304 bytes)
[    4.127260] Inode-cache hash table entries: 262144 (order: 9, 2097152 bytes)
[    4.130157] Mount-cache hash table entries: 8192 (order: 4, 65536 bytes)
[    4.137559] Mountpoint-cache hash table entries: 8192 (order: 4, 65536 bytes)
[    4.141106] Initializing cgroup subsys io
[    4.152045] Initializing cgroup subsys memory
[    4.153382] Initializing cgroup subsys devices
[    4.154782] Initializing cgroup subsys freezer
[    4.156826] Initializing cgroup subsys net_cls
[    4.173083] Initializing cgroup subsys perf_event
[    4.174891] Initializing cgroup subsys net_prio
[    4.184282] Initializing cgroup subsys hugetlb
[    4.197814] Initializing cgroup subsys pids
[    4.203291] CPU: Physical Processor ID: 0
[    4.204939] CPU: Processor Core ID: 0
[    4.209290] mce: CPU supports 0 MCE banks
[    4.213672] Last level iTLB entries: 4KB 64, 2MB 8, 4MB 8
[    4.215622] Last level dTLB entries: 4KB 64, 2MB 0, 4MB 0, 1GB 4
[    4.223117] Freeing SMP alternatives memory: 32K (ffffffff820b9000 - ffffffff820c1000)
[    4.237739] ftrace: allocating 32123 entries in 126 pages
[    4.298086] smpboot: APIC(0) Converting physical 0 to logical package 0
[    4.300784] smpboot: Max logical packages: 1
[    4.309369] x2apic enabled
[    4.323418] Switched APIC routing to physical x2apic.
[    4.328212] ..TIMER: vector=0x30 apic1=0 pin1=2 apic2=-1 pin2=-1
[    4.439155] smpboot: CPU0: Intel(R) Core(TM) i5-6200U CPU @ 2.30GHz (family: 0x6, model: 0x4e, stepping: 0x3)
[    4.571784] Performance Events: unsupported p6 CPU model 78 no PMU driver, software events only.
[    4.695451] KVM setup paravirtual spinlock
[    4.753717] x86: Booting SMP configuration:
[    4.815483] .... node  #0, CPUs:      #1
[    4.843373] kvm-clock: cpu 1, msr 1:1ffef041, secondary cpu clock
[    4.846765] mce: CPU supports 0 MCE banks
[    4.849405] x86: Booted up 1 node, 2 CPUs
[    4.853243] smpboot: Total of 2 processors activated (9599.99 BogoMIPS)
[    4.856501] devtmpfs: initialized
[    4.872607] evm: security.selinux
[    4.907204] evm: security.SMACK64
[    4.935281] evm: security.SMACK64EXEC
[    4.973929] evm: security.SMACK64TRANSMUTE
[    5.029096] evm: security.SMACK64MMAP
[    5.047472] evm: security.ima
[    5.048370] evm: security.capability
[    5.082630] clocksource: jiffies: mask: 0xffffffff max_cycles: 0xffffffff, max_idle_ns: 7645041785100000 ns
[    5.149474] pinctrl core: initialized pinctrl subsystem
[    5.199212] RTC time: 13:23:39, date: 03/16/17
[    5.212647] NET: Registered protocol family 16
[    5.268581] cpuidle: using governor ladder
[    5.359261] cpuidle: using governor menu
[    5.411363] PCCT header not found.
[    5.445563] ACPI: bus type PCI registered
[    5.504542] acpiphp: ACPI Hot Plug PCI Controller Driver version: 0.5
[    5.581586] PCI: Using configuration type 1 for base access
[    5.621356] ACPI: Added _OSI(Module Device)
[    5.635315] ACPI: Added _OSI(Processor Device)
[    5.636255] ACPI: Added _OSI(3.0 _SCP Extensions)
[    5.637226] ACPI: Added _OSI(Processor Aggregator Device)
[    5.639028] ACPI: Executed 1 blocks of module-level executable AML code
[    5.642560] ACPI: Interpreter enabled
[    5.683365] ACPI: (supports S0 S5)
[    5.732376] ACPI: Using IOAPIC for interrupt routing
[    5.796864] PCI: Using host bridge windows from ACPI; if necessary, use "pci=nocrs" and report a bug
[    5.881543] ACPI: PCI Root Bridge [PCI0] (domain 0000 [bus 00-ff])
[    5.941269] acpi PNP0A03:00: _OSC: OS supports [ASPM ClockPM Segments MSI]
[    5.968783] acpi PNP0A03:00: _OSC failed (AE_NOT_FOUND); disabling ASPM
[    6.000402] acpi PNP0A03:00: fail to add MMCONFIG information, can't access extended PCI configuration space under this bridge.
[    6.019558] PCI host bridge to bus 0000:00
[    6.021843] pci_bus 0000:00: root bus resource [io  0x0000-0x0cf7 window]
[    6.077500] pci_bus 0000:00: root bus resource [io  0x0d00-0xffff window]
[    6.078862] pci_bus 0000:00: root bus resource [mem 0x000a0000-0x000bffff window]
[    6.080625] pci_bus 0000:00: root bus resource [mem 0xe0000000-0xffdfffff window]
[    6.146897] pci_bus 0000:00: root bus resource [bus 00-ff]
[    6.206260] pci 0000:00:01.1: legacy IDE quirk: reg 0x10: [io  0x01f0-0x01f7]
[    6.286069] pci 0000:00:01.1: legacy IDE quirk: reg 0x14: [io  0x03f6]
[    6.354025] pci 0000:00:01.1: legacy IDE quirk: reg 0x18: [io  0x0170-0x0177]
[    6.431004] pci 0000:00:01.1: legacy IDE quirk: reg 0x1c: [io  0x0376]
[    6.552318] pci 0000:00:07.0: quirk: [io  0x4000-0x403f] claimed by PIIX4 ACPI
[    6.625016] pci 0000:00:07.0: quirk: [io  0x4100-0x410f] claimed by PIIX4 SMB
[    6.747798] ACPI: PCI Interrupt Link [LNKA] (IRQs 5 9 10 *11)
[    6.829302] ACPI: PCI Interrupt Link [LNKB] (IRQs 5 9 10 *11)
[    6.898947] ACPI: PCI Interrupt Link [LNKC] (IRQs 5 9 *10 11)
[    6.955628] ACPI: PCI Interrupt Link [LNKD] (IRQs 5 *9 10 11)
[    7.024747] ACPI: Enabled 2 GPEs in block 00 to 07
[    7.072272] vgaarb: setting as boot device: PCI:0000:00:02.0
[    7.102421] vgaarb: device added: PCI:0000:00:02.0,decodes=io+mem,owns=io+mem,locks=none
[    7.156122] vgaarb: loaded
[    7.156838] vgaarb: bridge control possible 0000:00:02.0
[    7.158153] SCSI subsystem initialized
[    7.184095] ACPI: bus type USB registered
[    7.203586] usbcore: registered new interface driver usbfs
[    7.240800] usbcore: registered new interface driver hub
[    7.247202] usbcore: registered new device driver usb
[    7.258621] PCI: Using ACPI for IRQ routing
[    7.298243] NetLabel: Initializing
[    7.328416] NetLabel:  domain hash size = 128
[    7.393041] NetLabel:  protocols = UNLABELED CIPSOv4
[    7.466795] NetLabel:  unlabeled traffic allowed by default
[    7.536801] amd_nb: Cannot enumerate AMD northbridges
[    7.544949] clocksource: Switched to clocksource kvm-clock
[    7.554949] AppArmor: AppArmor Filesystem Enabled
[    7.578516] pnp: PnP ACPI init
[    7.579996] pnp: PnP ACPI: found 3 devices
[    7.591571] clocksource: acpi_pm: mask: 0xffffff max_cycles: 0xffffff, max_idle_ns: 2085701024 ns
[    7.696477] NET: Registered protocol family 2
[    7.773949] TCP established hash table entries: 32768 (order: 6, 262144 bytes)
[    7.934525] TCP bind hash table entries: 32768 (order: 7, 524288 bytes)
[    8.071283] TCP: Hash tables configured (established 32768 bind 32768)
[    8.142454] UDP hash table entries: 2048 (order: 4, 65536 bytes)
[    8.183501] UDP-Lite hash table entries: 2048 (order: 4, 65536 bytes)
[    8.302288] NET: Registered protocol family 1
[    8.370954] pci 0000:00:00.0: Limiting direct PCI/PCI transfers
[    8.474102] pci 0000:00:01.0: Activating ISA DMA hang workarounds
[    8.551812] Trying to unpack rootfs image as initramfs...
[   10.670132] Freeing initrd memory: 10800K (ffff880036ad8000 - ffff880037564000)
[   10.770636] PCI-DMA: Using software bounce buffering for IO (SWIOTLB)
[   10.834933] software IO TLB [mem 0xdbff0000-0xdfff0000] (64MB) mapped at [ffff8800dbff0000-ffff8800dffeffff]
[   10.939252] platform rtc_cmos: registered platform RTC device (no PNP device found)
[   11.026270] Scanning for low memory corruption every 60 seconds
[   11.105838] futex hash table entries: 512 (order: 3, 32768 bytes)
[   11.169905] audit: initializing netlink subsys (disabled)
[   11.171155] audit: type=2000 audit(1489670623.373:1): initialized
[   11.242484] Initialise system trusted keyring
[   11.298013] HugeTLB registered 2 MB page size, pre-allocated 0 pages
[   11.375199] zbud: loaded
[   11.379317] VFS: Disk quotas dquot_6.6.0
[   11.404104] VFS: Dquot-cache hash table entries: 512 (order 0, 4096 bytes)
[   11.458333] squashfs: version 4.0 (2009/01/31) Phillip Lougher
[   11.460055] fuse init (API version 7.23)
[   11.462323] Key type big_key registered
[   11.463281] Allocating IMA MOK and blacklist keyrings.
[   11.466797] Key type asymmetric registered
[   11.525258] Asymmetric key parser 'x509' registered
[   11.572876] Block layer SCSI generic (bsg) driver version 0.4 loaded (major 249)
[   11.645941] io scheduler noop registered
[   11.691589] io scheduler deadline registered (default)
[   11.707213] io scheduler cfq registered
[   11.708186] pci_hotplug: PCI Hot Plug PCI Core version: 0.5
[   11.709496] pciehp: PCI Express Hot Plug Controller Driver version: 0.4
[   11.769551] ACPI: AC Adapter [AC] (on-line)
[   11.827096] input: Power Button as /devices/LNXSYSTM:00/LNXPWRBN:00/input/input0
[   11.946189] tsc: Refined TSC clocksource calibration: 2398.252 MHz
[   12.039308] clocksource: tsc: mask: 0xffffffffffffffff max_cycles: 0x2291c414222, max_idle_ns: 440795230190 ns
[   12.039395] ACPI: Power Button [PWRF]
ÿ[   12.039487] input: Sleep Button as /devices/LNXSYSTM:00/LNXSLPBN:00/input/input1
[   12.039489] ACPI: Sleep Button [SLPF]
[   12.100266] GHES: HEST is not enabled!
[   12.101062] ACPI: Battery Slot [BAT0] (battery present)
[   12.101108] Serial: 8250/16550 driver, 32 ports, IRQ sharing enabled
[   12.192337] 00:02: ttyS0 at I/O 0x3f8 (irq = 4, base_baud = 115200) is a 16550A
[   12.244464] Linux agpgart interface v0.103
[   12.249819] brd: module loaded
[   12.250749] loop: module loaded
[   12.251252] scsi host0: ata_piix
[   12.251301] scsi host1: ata_piix
[   12.251329] ata1: PATA max UDMA/33 cmd 0x1f0 ctl 0x3f6 bmdma 0xd000 irq 14
[   12.251330] ata2: PATA max UDMA/33 cmd 0x170 ctl 0x376 bmdma 0xd008 irq 15
[   12.251396] libphy: Fixed MDIO Bus: probed
[   12.251398] tun: Universal TUN/TAP device driver, 1.6
[   12.251399] tun: (C) 1999-2004 Max Krasnyansky <maxk@qualcomm.com>
[   12.251702] PPP generic driver version 2.4.2
[   12.251752] ehci_hcd: USB 2.0 'Enhanced' Host Controller (EHCI) Driver
[   12.251760] ehci-pci: EHCI PCI platform driver
[   12.251770] ehci-platform: EHCI generic platform driver
[   12.251778] ohci_hcd: USB 1.1 'Open' Host Controller (OHCI) Driver
[   12.251781] ohci-pci: OHCI PCI platform driver
[   12.251788] ohci-platform: OHCI generic platform driver
[   12.251795] uhci_hcd: USB Universal Host Controller Interface driver
[   12.251843] i8042: PNP: PS/2 Controller [PNP0303:PS2K,PNP0f03:PS2M] at 0x60,0x64 irq 1,12
[   12.268001] serio: i8042 KBD port at 0x60,0x64 irq 1
[   12.268005] serio: i8042 AUX port at 0x60,0x64 irq 12
[   12.268120] mousedev: PS/2 mouse device common for all mice
[   12.268423] rtc_cmos rtc_cmos: rtc core: registered rtc_cmos as rtc0
[   12.268479] rtc_cmos rtc_cmos: alarms up to one day, 114 bytes nvram
[   12.268485] i2c /dev entries driver
[   12.268540] device-mapper: uevent: version 1.0.3
[   12.268587] device-mapper: ioctl: 4.34.0-ioctl (2015-10-28) initialised: dm-devel@redhat.com
[   12.268609] ledtrig-cpu: registered to indicate activity on CPUs
[   12.268874] NET: Registered protocol family 10
[   12.268999] NET: Registered protocol family 17
[   12.269007] Key type dns_resolver registered
[   12.278589] microcode: CPU0 sig=0x406e3, pf=0x2, revision=0x0
[   12.278617] microcode: CPU1 sig=0x406e3, pf=0x2, revision=0x0
[   12.278715] microcode: Microcode Update Driver: v2.01 <tigran@aivazian.fsnet.co.uk>, Peter Oruba
[   12.278821] registered taskstats version 1
[   12.278834] Loading compiled-in X.509 certificates
[   12.279449] Loaded X.509 cert 'Build time autogenerated kernel key: 32ca4feee90b5cde51f5f8c0e024b22f8c679982'
[   12.279465] zswap: loaded using pool lzo/zbud
[   12.281132] Key type trusted registered
[   12.283594] Key type encrypted registered
[   12.283599] AppArmor: AppArmor sha1 policy hashing enabled
[   12.283602] ima: No TPM chip found, activating TPM-bypass!
[   12.283623] evm: HMAC attrs: 0x1
[   12.283978]   Magic number: 9:384:382
[   12.316714] rtc_cmos rtc_cmos: setting system clock to 2017-03-16 13:23:46 UTC (1489670626)
[   12.316853] BIOS EDD facility v0.16 2004-Jun-25, 0 devices found
[   12.316854] EDD information not available.
[   12.421426] input: AT Translated Set 2 keyboard as /devices/platform/i8042/serio0/input/input2
[   13.371880] Freeing unused kernel memory: 1488K (ffffffff81f45000 - ffffffff820b9000)
[   13.504718] Write protecting the kernel read-only data: 14336k
[   13.528469] Freeing unused kernel memory: 1776K (ffff880001844000 - ffff880001a00000)
[   13.533592] Freeing unused kernel memory: 116K (ffff880001de3000 - ffff880001e00000)
Loading, please [   13.551036] random: systemd-udevd: uninitialized urandom read (16 bytes read, 7 bits of entropy available)
wait...
startin[   13.551708] random: udevadm: uninitialized urandom read (16 bytes read, 7 bits of entropy available)
g version 229
[   13.551756] random: udevadm: uninitialized urandom read (16 bytes read, 7 bits of entropy available)
[   13.551896] random: udevadm: uninitialized urandom read (16 bytes read, 7 bits of entropy available)
[   13.551934] random: udevadm: uninitialized urandom read (16 bytes read, 7 bits of entropy available)
[   13.551968] random: udevadm: uninitialized urandom read (16 bytes read, 7 bits of entropy available)
[   13.552002] random: udevadm: uninitialized urandom read (16 bytes read, 7 bits of entropy available)
[   13.552037] random: udevadm: uninitialized urandom read (16 bytes read, 7 bits of entropy available)
[   13.552093] random: udevadm: uninitialized urandom read (16 bytes read, 7 bits of entropy available)
[   13.552136] random: udevadm: uninitialized urandom read (16 bytes read, 7 bits of entropy available)
[   13.682474] e1000: Intel(R) PRO/1000 Network Driver - version 7.3.21-k8-NAPI
[   13.692470] e1000: Copyright (c) 1999-2006 Intel Corporation.
[   13.701080] Fusion MPT base driver 3.04.20
[   13.711120] Copyright (c) 1999-2008 LSI Corporation
[   13.741269] Fusion MPT SPI Host driver 3.04.20
[   13.769532] AVX version of gcm_enc/dec engaged.
[   13.800125] AES CTR mode by8 optimization enabled
[   13.940382] input: ImExPS/2 Generic Explorer Mouse as /devices/platform/i8042/serio1/input/input4
[   14.137600] e1000 0000:00:03.0 eth0: (PCI:33MHz:32-bit) 02:0a:90:ed:0d:4f
[   14.233526] e1000 0000:00:03.0 eth0: Intel(R) PRO/1000 Network Connection
[   14.685858] e1000 0000:00:08.0 eth1: (PCI:33MHz:32-bit) 08:00:27:11:73:cc
[   14.742831] e1000 0000:00:08.0 eth1: Intel(R) PRO/1000 Network Connection
[   14.800428] e1000 0000:00:03.0 enp0s3: renamed from eth0
[   14.842253] mptbase: ioc0: Initiating bringup
[   14.893501] e1000 0000:00:08.0 enp0s8: renamed from eth1
[   14.973678] ioc0: LSI53C1030 A0: Capabilities={Initiator}
[   15.155059] scsi host2: ioc0: LSI53C1030 A0, FwRev=00000000h, Ports=1, MaxQ=256, IRQ=20
[   15.278069] scsi 2:0:0:0: Direct-Access     VBOX     HARDDISK         1.0  PQ: 0 ANSI: 5
[   15.282828] scsi target2:0:0: Beginning Domain Validation
[   15.286720] scsi target2:0:0: Domain Validation skipping write tests
[   15.297807] scsi target2:0:0: Ending Domain Validation
[   15.309649] scsi target2:0:0: asynchronous
[   15.312911] scsi 2:0:1:0: Direct-Access     VBOX     HARDDISK         1.0  PQ: 0 ANSI: 5
[   15.320617] scsi target2:0:1: Beginning Domain Validation
[   15.325540] scsi target2:0:1: Domain Validation skipping write tests
[   15.332118] scsi target2:0:1: Ending Domain Validation
[   15.334547] scsi target2:0:1: asynchronous
[   15.345065] sd 2:0:0:0: Attached scsi generic sg0 type 0
[   15.347707] sd 2:0:0:0: [sda] 20971520 512-byte logical blocks: (10.7 GB/10.0 GiB)
[   15.357296] sd 2:0:1:0: Attached scsi generic sg1 type 0
[   15.361744] sd 2:0:1:0: [sdb] 20480 512-byte logical blocks: (10.5 MB/10.0 MiB)
[   15.362046] sd 2:0:0:0: [sda] Write Protect is off
[   15.362130] sd 2:0:0:0: [sda] Incomplete mode parameter data
[   15.362131] sd 2:0:0:0: [sda] Assuming drive cache: write through
[   15.371669]  sda: sda1
[   15.372623] sd 2:0:0:0: [sda] Attached SCSI disk
[   15.388447] sd 2:0:1:0: [sdb] Write Protect is off
[   15.399332] sd 2:0:1:0: [sdb] Incomplete mode parameter data
[   15.406962] sd 2:0:1:0: [sdb] Assuming drive cache: write through
[   15.418858] sd 2:0:1:0: [sdb] Attached SCSI disk
[   16.761308] floppy0: no floppy controllers found
Begin: Loading e[   18.228374] md: linear personality registered for level -1
ssential drivers ... [   18.251342] md: multipath personality registered for level -4
[   18.310186] md: raid0 personality registered for level 0
[   18.340948] md: raid1 personality registered for level 1
[   18.464991] raid6: sse2x1   gen()  7439 MB/s
[   18.604963] raid6: sse2x1   xor()  4496 MB/s
[   18.709129] raid6: sse2x2   gen()  8766 MB/s
[   18.828951] raid6: sse2x2   xor()  5933 MB/s
[   18.949281] raid6: sse2x4   gen()  9892 MB/s
[   19.065076] raid6: sse2x4   xor()  6665 MB/s
[   19.098469] raid6: using algorithm sse2x4 gen() 9892 MB/s
[   19.099982] raid6: .... xor() 6665 MB/s, rmw enabled
[   19.125051] raid6: using ssse3x2 recovery algorithm
[   19.153157] xor: automatically using best checksumming function:
[   19.249067]    avx       : 15499.000 MB/sec
[   19.304691] async_tx: api initialized (async)
[   19.357061] md: raid6 personality registered for level 6
[   19.433526] md: raid5 personality registered for level 5
[   19.497743] md: raid4 personality registered for level 4
[   19.565608] md: raid10 personality registered for level 10
done.
Begin: Running /scripts/init-premount ... done.
Begin: Mounting root file system ... Begin: Running /scripts/local-top ... done.
Begin: Running /scripts/local-premount ... [   19.662542] Btrfs loaded
Scanning for Btrfs filesystems
done.
Warning: fsck no[   19.733655] EXT4-fs (sda1): mounted filesystem with ordered data mode. Opts: (null)
t present, so skipping root file system
done.
Begin: Running /scripts/local-bottom ... done.
Begin: Running /scripts/init-bottom ... done.
[   19.957530] systemd[1]: systemd 229 running in system mode. (+PAM +AUDIT +SELINUX +IMA +APPARMOR +SMACK +SYSVINIT +UTMP +LIBCRYPTSETUP +GCRYPT +GNUTLS +ACL +XZ -LZ4 +SECCOMP +BLKID +ELFUTILS +KMOD -IDN)
[   20.105158] systemd[1]: Detected virtualization oracle.
[   20.110553] systemd[1]: Detected architecture x86-64.

Welcome to [1mUbuntu 16.04.2 LTS[0m!

[   20.165603] systemd[1]: Set hostname to <ubuntu>.
[   20.172028] systemd[1]: Initializing machine ID from random generator.
[   20.179533] systemd[1]: Installed transient /etc/machine-id file.
[   20.302090] systemd[1]: Listening on Syslog Socket.
[[0;32m  OK  [0m] Listening on Syslog Socket.
[   20.435783] systemd[1]: Created slice User and Session Slice.
[[0;32m  OK  [0m] Created slice User and Session Slice.
[   20.477191] systemd[1]: Reached target Swap.
[[0;32m  OK  [0m] Reached target Swap.
[   20.493318] systemd[1]: Listening on /dev/initctl Compatibility Named Pipe.
[[0;32m  OK  [0m] Listening on /dev/initctl Compatibility Named Pipe.
[   20.513784] systemd[1]: Listening on udev Control Socket.
[[0;32m  OK  [0m] Listening on udev Control Socket.
[   20.529502] systemd[1]: Listening on Journal Socket (/dev/log).
[[0;32m  OK  [0m] Listening on Journal Socket (/dev/log).
[   20.561393] systemd[1]: Listening on LVM2 metadata daemon socket.
[[0;32m  OK  [0m] Listening on LVM2 metadata daemon socket.
[   20.575347] systemd[1]: Listening on Journal Socket.
[[0;32m  OK  [0m] Listening on Journal Socket.
[   20.584534] systemd[1]: Listening on LVM2 poll daemon socket.
[[0;32m  OK  [0m] Listening on LVM2 poll daemon socket.
[   20.609505] systemd[1]: Listening on Device-mapper event daemon FIFOs.
[[0;32m  OK  [0m] Listening on Device-mapper event daemon FIFOs.
[   20.626646] systemd[1]: Started Forward Password Requests to Wall Directory Watch.
[[0;32m  OK  [0m] Started Forward Password Requests to Wall Directory Watch.
[   20.641504] systemd[1]: Reached target Encrypted Volumes.
[[0;32m  OK  [0m] Reached target Encrypted Volumes.
[   20.665663] systemd[1]: Listening on Journal Audit Socket.
[[0;32m  OK  [0m] Listening on Journal Audit Socket.
[   20.678313] systemd[1]: Reached target User and Group Name Lookups.
[[0;32m  OK  [0m] Reached target User and Group Name Lookups.
[   20.692539] systemd[1]: Created slice System Slice.
[[0;32m  OK  [0m] Created slice System Slice.
[   20.729216] systemd[1]: Starting Remount Root and Kernel File Systems...
         Startin[   20.737263] EXT4-fs (sda1): re-mounted. Opts: (null)
g Remount Root and Kernel File Systems...
[   20.756927] systemd[1]: Starting Set console keymap...
         Starting Set console keymap...
[   20.766360] systemd[1]: Created slice system-serial\x2dgetty.slice.
[[0;32m  OK  [0m] Created slice system-serial\x2dgetty.slice.
[   20.805727] systemd[1]: Starting Uncomplicated firewall...
         Starting Uncomplicated firewall...
[   20.813316] systemd[1]: Reached target Slices.
[[0;32m  OK  [0m] Reached target Slices.
[   20.826358] systemd[1]: Mounting Debug File System...
         Mounting Debug File System...
[   20.846489] systemd[1]: Mounting POSIX Message Queue File System...
         Mounting POSIX Message Queue File System...
[   20.860356] systemd[1]: Mounting Huge Pages File System...
         Mounting Huge Pages File System...
[   20.921265] systemd[1]: Starting Nameserver information manager...
         Starting Nameserver information manager...
[   20.930981] systemd[1]: Starting Monitoring of LVM2 mirrors, snapshots etc. using dmeventd or progress polling...
         Starting Monitoring of LVM2 mirrors... dmeventd or progress polling...
[   20.966451] random: nonblocking pool is initialized
[   20.970962] systemd[1]: Starting Load Kernel Modules...
[   20.995952] Loading iSCSI transport class v2.0-870.
         Startin[   21.031525] iscsi: registered transport (tcp)
g Load Kernel Modules...
[   21.038690] systemd[1]: Starting Create list of required static device nodes for the current kernel...
         Starting Create list of required st... nodes for the current kernel...
[   21.052286] systemd[1]: Listening on udev Kernel Socket.
[[0;32m  OK  [0m] Listening on udev Kernel Socket.
[   21.057839] systemd[1]: Set up automount Arbitrary Executable File Formats File System Automount Point.
[[0;32m  OK  [0m] Set up automount Arbitrary Executab...ats File System Automount Point.
[   21.075280] iscsi: registered transport (iser)
[   21.093238] systemd[1]: Starting Journal Service...
         Starting Journal Service...
[   21.116469] systemd[1]: Mounted POSIX Message Queue File System.
[[0;32m  OK  [0m] Mounted POSIX Message Queue File System.
[   21.181187] systemd[1]: Mounted Debug File System.
[[0;32m  OK  [0m] Mounted Debug File System.
[   21.269340] systemd[1]: Mounted Huge Pages File System.
[[0;32m  OK  [0m] Mounted Huge Pages File System.
[   21.289542] systemd[1]: Started Journal Service.
[[0;32m  OK  [0m] Started Journal Service.
[[0;32m  OK  [0m] Started Remount Root and Kernel File Systems.
[[0;32m  OK  [0m] Started Set console keymap.
[[0;32m  OK  [0m] Started Uncomplicated firewall.
[[0;32m  OK  [0m] Started Load Kernel Modules.
[[0;32m  OK  [0m] Started Create list of required sta...ce nodes for the current kernel.
[[0;32m  OK  [0m] Started Nameserver information manager.
[[0;32m  OK  [0m] Started LVM2 metadata daemon.
         Starting Create Static Device Nodes in /dev...
         Mounting FUSE Control File System...
         Starting Apply Kernel Variables...
         Starting Initial cloud-init job (pre-networking)...
         Starting udev Coldplug all Devices...
         Starting Load/Save Random Seed...
         Starting Flush Journal to Persistent Storage...
[[0;32m  OK  [0m] Mounted FUSE Control File System.
[[0;32m  OK  [0m] Started Monitoring of LVM2 mirrors,...ng dmeventd or progress polling.
[[0;32m  OK  [0m] Started Create Static Device Nodes in /dev.
[[0;32m  OK  [0m] Started Apply Kernel Variables.
[[0;32m  OK  [0m] Started Load/Save Random Seed.
[[0;32m  OK  [0m] Started udev Coldplug all Devices.
[[0;32m  OK  [0m] Started Flush Journal to Persistent Storage.
         Starting udev Kernel Device Manager...
[[0;32m  OK  [0m] Started udev Kernel Device Manager.
[[0;32m  OK  [0m] Started Dispatch Password Requests to Console Directory Watch.
[[0;32m  OK  [0m] Reached target Local File Systems (Pre).
[[0;32m  OK  [0m] Reached target Local File Systems.
         Starting Set console font and keymap...
         Starting Create Volatile Files and Directories...
         Starting LSB: AppArmor initialization...
         Starting Commit a transient machine-id on disk...
         Starting Tell Plymouth To Write Out Runtime Data...
[[0;32m  OK  [0m] Started Create Volatile Files and Directories.
[[0;32m  OK  [0m] Started Commit a transient machine-id on disk.
[[0;32m  OK  [0m] Started Tell Plymouth To Write Out Runtime Data.
         Starting Update UTMP about System Boot/Shutdown...
[[0;32m  OK  [0m] Reached target System Time Synchronized.
[[0;32m  OK  [0m] Started Update UTMP about System Boot/Shutdown.
[[0;32m  OK  [0m] Found device /dev/ttyS0.
[   16.411801] cloud-init[475]: Cloud-init v. 0.7.9 running 'init-local' at Thu, 16 Mar 2017 13:23:57 +0000. Up 15.90 seconds.
[[0;32m  OK  [0m] Started Initial cloud-init job (pre-networking).
[[0;32m  OK  [0m] Reached target Network (Pre).
[[0;32m  OK  [0m] Listening on Load/Save RF Kill Switch Status /dev/rfkill Watch.
[[0;32m  OK  [0m] Started LSB: AppArmor initialization.
         Starting Raise network interfaces...
[[0;32m  OK  [0m] Started Set console font and keymap.
[[0;32m  OK  [0m] Created slice system-getty.slice.
[[0;32m  OK  [0m] Started Raise network interfaces.
[[0;32m  OK  [0m] Reached target Network.
         Starting Initial cloud-init job (metadata service crawler)...
[   20.151991] cloud-init[1056]: Cloud-init v. 0.7.9 running 'init' at Thu, 16 Mar 2017 13:24:00 +0000. Up 19.46 seconds.
[   20.228774] cloud-init[1056]: ci-info: +++++++++++++++++++++++++++++++++++++Net device info+++++++++++++++++++++++++++++++++++++
[   20.229101] cloud-init[1056]: ci-info: +--------+-------+--------------------------+---------------+-------+-------------------+
[[0;32m  OK  [0m] Started Initial cloud-init job (metadata service crawler).
[   20.229281] cloud-init[1056]: ci-info: | Device |   Up  |         Address          |      Mask     | Scope |     Hw-Address    |
[   20.637685] cloud-init[1056]: ci-info: +--------+-------+--------------------------+---------------+-------+-------------------+
[   20.639088] cloud-init[1056]: ci-info: |   lo   |  True |        127.0.0.1         |   255.0.0.0   |   .   |         .         |
[[0;32m  OK  [0m] Reached target Network is Online.
[   20.639783] cloud-init[1056]: ci-info: |   lo   |  True |         ::1/128          |       .       |  host |         .         |
[   20.877056] cloud-init[1056]: ci-info: | enp0s3 |  True |        10.0.2.15         | 255.255.255.0 |   .   | 02:0a:90:ed:0d:4f |
[   20.878142] cloud-init[1056]: ci-info: | enp0s3 |  True | fe80::a:90ff:feed:d4f/64 |       .       |  link | 02:0a:90:ed:0d:4f |
         Starting iSCSI initiator daemon (iscsid)...
[[   20.878655] cloud-init[1056]: ci-info: | enp0s8 | False |            .             |       .       |   .   | 08:00:27:11:73:cc |
[   20.989482] cloud-init[1056]: ci-info: +--------+-------+--------------------------+---------------+-------+-------------------+
[   20.989695] cloud-init[1056]: ci-info: +++++++++++++++++++++++++++Route IPv4 info++++++++++++++++++++++++++++
[   20.989950] cloud-init[1056]: ci-info: +-------+-------------+----------+---------------+-----------+-------+
[   20.990115] cloud-init[1056]: ci-info: | Route | Destination | Gateway  |    Genmask    | Interface | Flags |
[0;32m  OK  [0m] Reached target Cloud-config availability.
[   20.990300] cloud-init[1056]: ci-info: +-------+-------------+----------+---------------+-----------+-------+
[   21.199915] cloud-init[1056]: ci-info: |   0   |   0.0.0.0   | 10.0.2.2 |    0.0.0.0    |   enp0s3  |   UG  |
[[0;32m  OK  [0m] Reached target System Initialization.
[[   21.200082] cloud-init[1056]: ci-info: |   1   |   10.0.2.0  | 0.0.0.0  | 255.255.255.0 |   enp0s3  |   U   |
[0;32m  OK  [0m] Started Daily apt activities.
[   21.292228] cloud-init[1056]: ci-info: +-------+-------------+----------+---------------+-----------+-------+
[[0;32m  OK  [0m] Started Daily Cleanup of Temporary Directories.
[   21.292839] cloud-init[1056]: Generating public/private rsa key pair.
[   21.374780] cloud-init[1056]: Your identification has been saved in /etc/ssh/ssh_host_rsa_key.
[   21.375096] cloud-init[1056]: Your public key has been saved in /etc/ssh/ssh_host_rsa_key.pub.
[[0;32m  OK  [0m] Started ACPI Events Check.
[[   21.375230] cloud-init[1056]: The key fingerprint is:
[   21.524812] cloud-init[1056]: SHA256:AbM/vqHjWdv8+y83HHYVNujYYXOvv5iqoUvLE1LX9Mc root@ubuntu-xenial
[   21.524939] cloud-init[1056]: The key's randomart image is:
[0;32m  OK  [0m] Listening on ACPID Listen Socket.
[   21.525122] cloud-init[1056]: +---[RSA 2048]----+
         Starting Socket activation for snappy daemon.
[   21.635895] cloud-init[1056]: |      o       .  |
[   21.700578] cloud-init[1056]: |       +   . = = |
[   21.700894] cloud-init[1056]: |      . . o * * +|
         Starting LXD - unix socket.
[[   21.701042] cloud-init[1056]: |       o o o + Eo|
[   21.740169] cloud-init[1056]: |      . S     ...|
[0;32m  OK  [0m] Listening on UUID daemon activation socket.
[   21.740230] cloud-init[1056]: |     . o .    .o.|
[   21.780962] cloud-init[1056]: |      ..=.    o.o|
[[0;32m  OK  [0m] Listening on D-Bus System Message Bus Socket.
[   21.781106] cloud-init[1056]: |      +=o*.   +oo|
[[0;32m  OK  [0m] Started Trigger resolvconf update for networkd DNS.
[   21.832612] cloud-init[1056]: |     .+*=.+o+=.=+|
[   21.911748] cloud-init[1056]: +----[SHA256]-----+
[[0;32m  OK  [0m] Reached target Paths.
[[   21.911881] cloud-init[1056]: Generating public/private dsa key pair.
[   21.918777] cloud-init[1056]: Your identification has been saved in /etc/ssh/ssh_host_dsa_key.
[0;32m  OK  [0m] Started Timer to automatically refresh installed snaps.
[[   21.918920] cloud-init[1056]: Your public key has been saved in /etc/ssh/ssh_host_dsa_key.pub.
[   22.016247] cloud-init[1056]: The key fingerprint is:
[0;32m  OK  [0m] Reached target Timers.
[   22.016379] cloud-init[1056]: SHA256:glAS6YK6LKEesTg/6xv6BMKaqByhV2suNwuUdhHEOXQ root@ubuntu-xenial
[   22.124673] cloud-init[1056]: The key's randomart image is:
[   22.124972] cloud-init[1056]: +---[DSA 1024]----+
[[0;32m  OK  [0m] Listening on Socket activation for snappy daemon.
[   22.125116] cloud-init[1056]: |  o*=.E          |
[   22.168640] cloud-init[1056]: |  .o+o           |
[[0;32m  OK  [0m] Listening on LXD - unix socket.
[   22.168768] cloud-init[1056]: |... ..           |
[   22.248633] cloud-init[1056]: |+ .o o           |
[[0;32m  OK  [0m] Started iSCSI initiator daemon (iscsid).
[   22.248753] cloud-init[1056]: |+=+ + . S        |
[   22.312355] cloud-init[1056]: |O=+o . .         |
[   22.352685] cloud-init[1056]: |X*= o            |
[   22.353014] cloud-init[1056]: |*B==o            |
         Starting Login to default iSCSI targets...
[   22.353154] cloud-init[1056]: |==**oo           |
[   22.411738] cloud-init[1056]: +----[SHA256]-----+
[[0;32m  OK  [0m] Reached target Sockets.
[   22.411883] cloud-init[1056]: Generating public/private ecdsa key pair.
[   22.496944] cloud-init[1056]: Your identification has been saved in /etc/ssh/ssh_host_ecdsa_key.
[[0;32m  OK  [0m] Reached target Basic System.
[   22.497053] cloud-init[1056]: Your public key has been saved in /etc/ssh/ssh_host_ecdsa_key.pub.
[   22.628327] cloud-init[1056]: The key fingerprint is:
[   22.628601] cloud-init[1056]: SHA256:7NuFPxeWQle1kePSUblsKfCS0nZek4PtQh9GsVS5g4U root@ubuntu-xenial
[[0;32m  OK  [0m] Started ACPI event daemon.
[   22.628742] cloud-init[1056]: The key's randomart image is:
[   22.772326] cloud-init[1056]: +---[ECDSA 256]---+
[   22.772618] cloud-init[1056]: |              .+%|
[[0;32m  OK  [0m] Started D-Bus System Message Bus.
[   22.772759] cloud-init[1056]: |           . E.O=|
[   22.848434]          cloud-initStarting Accounts Service...[1056]: 
|          . + X+B|
[   22.869137]          cloud-initStarting /etc/rc.local Compatibility...[1056]: 
|       . . =.O.^ |
[   22.869613] cloud-init[1056]: |        S o.=.O.=|
[   22.956263]          cloud-initStarting LSB: MD monitoring daemon...[1056]: 
|       .   ..o+o |
[   22.984305]          cloud-initStarting Login Service...[1056]: 
|        . . .o.. |
[[0;32m  OK  [0m] Started Deferred execution scheduler.
[   23.043022] cloud-init[1056]: |         o o. .  |
[   23.088330]          cloud-initStarting Apply the settings specified in cloud-config...[1056]: 
|        . . .o   |
[[0;32m  OK  [0m] Started Regular background program processing daemon.
[   23.162728] cloud-init[1056]: +----[SHA256]-----+
[   23.183630] cloud-init[1056]: Generating public/private ed25519 key pair.
[   23.191079] cloud-init[1056]: Your identification has been saved in /etc/ssh/ssh_host_ed25519_key.
         Starting LXD - container startup/shutdown...
[[0;32m  OK  [0m] Started FUSE filesystem for LXC.
         Starting LSB: Record successful boot for GRUB...
         Starting System Logging Service...
[   23.202834] cloud-init[1056]: Your public key has been saved in /etc/ssh/ssh_host_ed25519_key.pub.
[   23.263397] cloud-init[1056]: The key fingerprint is:
[   23.265345] cloud-init[1056]: SHA256:CFLCEHb1A7rukCQdO57JX6NdmFxxWqctKRIZpsHmoH8 root@ubuntu-xenial
         Starting Pollinate to seed the pseudo random number generator...
[[0;32m  OK  [0m] Started Snappy daemon.
         Starting Auto import assertions from block devices...
[[0;32m  OK  [0m] Started System Logging Service.
[[0;32m  OK  [0m] Started /etc/rc.local Compatibility.
[   23.279242] cloud-init[1056]: The key's randomart image is:
[   23.320572] cloud-init[1056]: +--[ED25519 256]--+
[   23.333701] cloud-init[1056]: |o=.o+oo          |
[   23.341688] cloud-init[1056]: |. +o++oo         |
[   23.353787] cloud-init[1056]: | .o=o oo. o .    |
[   23.375052] cloud-init[1056]: |.. +o. o.= =     |
[[0;32m  OK  [0m] Started Auto import assertions from block devices.
[[0;32m  OK  [0m] Started LSB: MD monitoring daemon.
[[0;32m  OK  [0m] Started LXD - container startup/shutdown.
[[0;32m  OK  [0m] Started Login to default iSCSI targets.
[   23.391639] cloud-init[1056]: |.o+.  o S + .    |
[   23.428847] cloud-init[1056]: |oo++E. = . .     |
[   23.441804] cloud-init[1056]: | o=o  * .        |
[   23.451760] cloud-init[1056]: |  o. + o         |
[   23.460967] cloud-init[1056]: |   .o .          |
[[0;32m  OK  [0m] Started LSB: Record successful boot for GRUB.
[   23.475095] cloud-init[1056]: +----[SHA256]-----+
         Starting Authenticate and Authorize Users to Run Privileged Tasks...
[[0;32m  OK  [0m] Reached target Remote File Systems (Pre).
[[0;32m  OK  [0m] Reached target Remote File Systems.
         Starting LSB: Set the CPU Frequency Scaling governor to "ondemand"...
         Starting LSB: VirtualBox Linux Additions...
         Starting LSB: daemon to balance interrupts for SMP systems...
         Starting LSB: automatic crash report generation...
         Starting Permit User Sessions...
[[0;32m  OK  [0m] Started Permit User Sessions.
[[0;32m  OK  [0m] Started Login Service.
[[0;32m  OK  [0m] Started Authenticate and Authorize Users to Run Privileged Tasks.
[[0;32m  OK  [0m] Started Accounts Service.
[[0;32m  OK  [0m] Started LSB: Set the CPU Frequency Scaling governor to "ondemand".
         Starting Hold until boot process finishes up...
         Starting Terminate Plymouth Boot Screen...
[[0;32m  OK  [0m] Started LSB: VirtualBox Linux Additions.
[[0;32m  OK  [0m] Started Hold until boot process finishes up.
[[0;32m  OK  [0m] Started Terminate Plymouth Boot Screen.
[   23.843818] cloud-init[1173]: Generating locales (this might take a while)...
         Starting Set console scheme...
[[0;32m  OK  [0m] Started Serial Getty on ttyS0.
[[0;32m  OK  [0m] Started Getty on tty1.
[[0;32m  OK  [0m] Reached target Login Prompts.
[[0;32m  OK  [0m] Started Pollinate to seed the pseudo random number generator.
[[0;32m  OK  [0m] Started LSB: daemon to balance interrupts for SMP systems.
[[0;32m  OK  [0m] Started LSB: automatic crash report generation.
[[0;32m  OK  [0m] Started Set console scheme.
         Starting OpenBSD Secure Shell server...
[[0;32m  OK  [0m] Started OpenBSD Secure Shell server.
[[0;32m  OK  [0m] Reached target Multi-User System.
[[0;32m  OK  [0m] Reached target Graphical Interface.
         Starting Update UTMP about System Runlevel Changes...
[[0;32m  OK  [0m] Started Update UTMP about System Runlevel Changes.
[   24.735513] cloud-init[1173]:   en_US.UTF-8... done
[   24.745100] cloud-init[1173]: Generation complete.
         Stopping OpenBSD Secure Shell server...
[[0;32m  OK  [0m] Stopped OpenBSD Secure Shell server.
         Starting OpenBSD Secure Shell server...
[[0;32m  OK  [0m] Started OpenBSD Secure Shell server.
[   25.322472] cloud-init[1173]: Cloud-init v. 0.7.9 running 'modules:config' at Thu, 16 Mar 2017 13:24:04 +0000. Up 23.69 seconds.
[[0;32m  OK  [0m] Started Apply the settings specified in cloud-config.
         Starting Execute cloud user/final scripts...
ci-info: no authorized ssh keys fingerprints found for user ubuntu.
<14>Mar 16 13:24:07 ec2: 
<14>Mar 16 13:24:07 ec2: #############################################################
<14>Mar 16 13:24:07 ec2: -----BEGIN SSH HOST KEY FINGERPRINTS-----
<14>Mar 16 13:24:07 ec2: 1024 SHA256:glAS6YK6LKEesTg/6xv6BMKaqByhV2suNwuUdhHEOXQ root@ubuntu-xenial (DSA)
<14>Mar 16 13:24:07 ec2: 256 SHA256:7NuFPxeWQle1kePSUblsKfCS0nZek4PtQh9GsVS5g4U root@ubuntu-xenial (ECDSA)
<14>Mar 16 13:24:07 ec2: 256 SHA256:CFLCEHb1A7rukCQdO57JX6NdmFxxWqctKRIZpsHmoH8 root@ubuntu-xenial (ED25519)
<14>Mar 16 13:24:07 ec2: 2048 SHA256:AbM/vqHjWdv8+y83HHYVNujYYXOvv5iqoUvLE1LX9Mc root@ubuntu-xenial (RSA)
<14>Mar 16 13:24:07 ec2: -----END SSH HOST KEY FINGERPRINTS-----
<14>Mar 16 13:24:07 ec2: #############################################################
-----BEGIN SSH HOST KEY KEYS-----
ecdsa-sha2-nistp256 AAAAE2VjZHNhLXNoYTItbmlzdHAyNTYAAAAIbmlzdHAyNTYAAABBBMZ8iGKw6Q++NXe2gYh7acioB6PIsUJUoTZ5kGvTIE45fKjCgQyQj9AhCoK0GXT+MWpuqbDRZsAgecjcHYmfIHM= root@ubuntu-xenial
ssh-ed25519 AAAAC3NzaC1lZDI1NTE5AAAAILgBeSYbUuwguQ1O8b6Nj/hTMiWXXtVrY3HhQ2ypM7Py root@ubuntu-xenial
ssh-rsa AAAAB3NzaC1yc2EAAAADAQABAAABAQDJ8ZDE+lLTP8rXwElhL75ydYAATVX+5ROK+r9x+LniAdwrbpsyuge0Iidx2sesJU2el7EOds/UyzLAmicl9tsbP/MjTwm/O06hEgoaOzjFgvclCuMxhJG5ClL5xJ1smpBZvIIgrzUpmec7bbkmn/VaMcrVHxdjiTx14yikfbBas3jkV/mntgB2zRy9g4pQ2YeizixweOtjBSGMN+gC3G2A1CvzUNxUqZi/TPbDXpE7xdAqY4fOcfLDMBrqCWhN9Iaaw0OOVndpbWMsrpPvC6Q5HHnRqCnjQNTrXRSr4uABJvhCKIeCvz9u4oHupQBw/b6N4pteqNzcBiqGaNHZUK95 root@ubuntu-xenial
-----END SSH HOST KEY KEYS-----
[   26.618241] cloud-init[1422]: Cloud-init v. 0.7.9 running 'modules:final' at Thu, 16 Mar 2017 13:24:06 +0000. Up 25.73 seconds.
[   26.680670] [cloud-init[0;32m  OK  [0m[1422]: ] ci-info: no authorized ssh keys fingerprints found for user ubuntu.Started Execute cloud user/final scripts.

[   26.681078] cloud-init[1422]: Cloud-init v. 0.7.9 finished at Thu, 16 Mar 2017 13:24:07 +0000. Datasource DataSourceNoCloud [seed=/dev/sdb][dsmode=net].  Up 26.61 seconds
[[0;32m  OK  [0m] Reached target Cloud-init target.

Ubuntu 16.04.2 LTS ubuntu-xenial ttyS0

ubuntu-xenial login: 